{"/Users/jimson/Documents/Mission1/Mis1-ts/L5-Mission-1/src/services/riskRatingServices2.ts": {"path":"/Users/jimson/Documents/Mission1/Mis1-ts/L5-Mission-1/src/services/riskRatingServices2.ts","statementMap":{"0":{"start":{"line":1,"column":30},"end":{"line":27,"column":1}},"1":{"start":{"line":2,"column":4},"end":{"line":26,"column":null}},"2":{"start":{"line":3,"column":8},"end":{"line":5,"column":null}},"3":{"start":{"line":4,"column":12},"end":{"line":4,"column":62}},"4":{"start":{"line":7,"column":8},"end":{"line":9,"column":null}},"5":{"start":{"line":8,"column":12},"end":{"line":8,"column":61}},"6":{"start":{"line":11,"column":38},"end":{"line":11,"column":86}},"7":{"start":{"line":12,"column":37},"end":{"line":12,"column":64}},"8":{"start":{"line":13,"column":33},"end":{"line":13,"column":34}},"9":{"start":{"line":15,"column":8},"end":{"line":18,"column":11}},"10":{"start":{"line":16,"column":39},"end":{"line":16,"column":77}},"11":{"start":{"line":17,"column":12},"end":{"line":17,"column":45}},"12":{"start":{"line":20,"column":30},"end":{"line":20,"column":53}},"13":{"start":{"line":22,"column":8},"end":{"line":22,"column":59}},"14":{"start":{"line":24,"column":8},"end":{"line":24,"column":57}},"15":{"start":{"line":25,"column":8},"end":{"line":25,"column":20}},"16":{"start":{"line":1,"column":13},"end":{"line":1,"column":30}}},"fnMap":{"0":{"name":"(anonymous_0)","decl":{"start":{"line":1,"column":30},"end":{"line":1,"column":31}},"loc":{"start":{"line":1,"column":56},"end":{"line":27,"column":1}}},"1":{"name":"(anonymous_1)","decl":{"start":{"line":15,"column":28},"end":{"line":15,"column":35}},"loc":{"start":{"line":15,"column":38},"end":{"line":18,"column":9}}}},"branchMap":{"0":{"loc":{"start":{"line":3,"column":8},"end":{"line":5,"column":null}},"type":"if","locations":[{"start":{"line":3,"column":8},"end":{"line":5,"column":null}}]},"1":{"loc":{"start":{"line":7,"column":8},"end":{"line":9,"column":null}},"type":"if","locations":[{"start":{"line":7,"column":8},"end":{"line":9,"column":null}}]}},"s":{"0":1,"1":6,"2":6,"3":0,"4":6,"5":1,"6":5,"7":5,"8":5,"9":5,"10":25,"11":25,"12":5,"13":5,"14":1,"15":1,"16":1},"f":{"0":6,"1":25},"b":{"0":[0],"1":[1]}}
}
