{"/Users/jimson/Documents/Mission1/Mis1-ts/L5-Mission-1/src/services/carValueServices.ts": {"path":"/Users/jimson/Documents/Mission1/Mis1-ts/L5-Mission-1/src/services/carValueServices.ts","statementMap":{"0":{"start":{"line":1,"column":33},"end":{"line":14,"column":1}},"1":{"start":{"line":2,"column":21},"end":{"line":2,"column":49}},"2":{"start":{"line":3,"column":19},"end":{"line":3,"column":20}},"3":{"start":{"line":5,"column":4},"end":{"line":10,"column":null}},"4":{"start":{"line":5,"column":17},"end":{"line":5,"column":18}},"5":{"start":{"line":6,"column":21},"end":{"line":6,"column":43}},"6":{"start":{"line":7,"column":8},"end":{"line":9,"column":null}},"7":{"start":{"line":8,"column":12},"end":{"line":8,"column":51}},"8":{"start":{"line":12,"column":4},"end":{"line":12,"column":37}},"9":{"start":{"line":13,"column":4},"end":{"line":13,"column":20}},"10":{"start":{"line":1,"column":13},"end":{"line":1,"column":33}}},"fnMap":{"0":{"name":"(anonymous_0)","decl":{"start":{"line":1,"column":33},"end":{"line":1,"column":34}},"loc":{"start":{"line":1,"column":73},"end":{"line":14,"column":1}}}},"branchMap":{"0":{"loc":{"start":{"line":7,"column":8},"end":{"line":9,"column":null}},"type":"if","locations":[{"start":{"line":7,"column":8},"end":{"line":9,"column":null}}]}},"s":{"0":1,"1":8,"2":8,"3":8,"4":8,"5":48,"6":48,"7":42,"8":8,"9":8,"10":1},"f":{"0":8},"b":{"0":[42]}}
}
