TN:
SF:src/services/carValueServices.ts
FN:1,(anonymous_0)
FNF:1
FNH:1
FNDA:9,(anonymous_0)
DA:1,1
DA:2,9
DA:3,9
DA:4,5
DA:7,4
DA:8,4
DA:10,4
DA:11,30
DA:12,30
DA:13,24
DA:17,4
DA:18,4
DA:20,5
DA:21,5
LF:14
LH:14
BRDA:3,0,0,5
BRDA:3,1,0,9
BRDA:3,1,1,8
BRDA:3,1,2,8
BRDA:3,1,3,8
BRDA:3,1,4,6
BRDA:3,1,5,5
BRDA:3,1,6,5
BRDA:3,1,7,5
BRDA:12,2,0,24
BRF:10
BRH:10
end_of_record
TN:
SF:src/services/quoteServices.ts
FN:1,(anonymous_0)
FN:6,(anonymous_1)
FNF:2
FNH:2
FNDA:3,(anonymous_0)
FNDA:1,(anonymous_1)
DA:1,1
DA:2,3
DA:3,2
DA:6,1
DA:7,1
DA:8,1
DA:9,1
DA:15,1
DA:17,1
LF:9
LH:9
BRDA:2,0,0,2
BRDA:2,1,0,3
BRDA:2,1,1,3
BRDA:2,1,2,2
BRDA:2,1,3,1
BRF:5
BRH:5
end_of_record
TN:
SF:src/services/riskRatingServices2.ts
FN:1,(anonymous_0)
FN:15,(anonymous_1)
FNF:2
FNH:2
FNDA:6,(anonymous_0)
FNDA:25,(anonymous_1)
DA:1,1
DA:2,6
DA:3,6
DA:4,0
DA:7,6
DA:8,1
DA:11,5
DA:12,5
DA:13,5
DA:15,5
DA:16,25
DA:17,25
DA:20,5
DA:22,5
DA:24,1
DA:25,1
LF:16
LH:15
BRDA:3,0,0,0
BRDA:7,1,0,1
BRF:2
BRH:1
end_of_record
TN:
SF:src/services/riskServices.ts
FN:1,(anonymous_0)
FN:7,(anonymous_1)
FNF:2
FNH:2
FNDA:3,(anonymous_0)
FNDA:10,(anonymous_1)
DA:1,1
DA:2,3
DA:3,1
DA:5,2
DA:7,10
DA:10,2
DA:11,1
DA:12,1
DA:13,0
DA:14,1
DA:15,1
DA:16,0
DA:17,0
DA:19,0
DA:22,2
LF:15
LH:11
BRDA:2,0,0,1
BRDA:2,0,1,2
BRDA:2,1,0,3
BRDA:2,1,1,2
BRDA:10,2,0,1
BRDA:10,2,1,1
BRDA:12,3,0,0
BRDA:12,3,1,1
BRDA:14,4,0,1
BRDA:14,4,1,0
BRDA:16,5,0,0
BRDA:16,5,1,0
BRF:12
BRH:8
end_of_record
